<?xml version="1.0" encoding="UTF-8"?>
<!-- Generated by org.testng.reporters.JUnitReportReporter -->
<testsuite hostname="DESKTOP-LD72JHT" failures="0" tests="3" name="com.HRM.Testcases.LoginTest" time="7.965" errors="0" timestamp="2021-11-24T07:50:21 IST" skipped="0">
  <testcase classname="com.HRM.Testcases.LoginTest" name="Checktitle" time="0.019"/>
  <system-out/>
  <testcase classname="com.HRM.Testcases.LoginTest" name="Forgetpas" time="1.753"/>
  <system-out/>
  <testcase classname="com.HRM.Testcases.LoginTest" name="logindetails" time="6.193"/>
  <system-out/>
</testsuite> <!-- com.HRM.Testcases.LoginTest -->
