<?xml version="1.0" encoding="UTF-8"?>
<!-- Generated by org.testng.reporters.JUnitReportReporter -->
<testsuite skipped="0" hostname="DESKTOP-LD72JHT" name="com.HRM.Testcases.LoginTest" tests="3" failures="0" timestamp="2021-11-23T09:35:09 IST" time="7.074" errors="0">
  <testcase name="Checktitle" time="0.023" classname="com.HRM.Testcases.LoginTest"/>
  <system-out/>
  <testcase name="logindetails" time="5.640" classname="com.HRM.Testcases.LoginTest"/>
  <system-out/>
  <testcase name="Forgetpas" time="1.411" classname="com.HRM.Testcases.LoginTest"/>
  <system-out/>
</testsuite> <!-- com.HRM.Testcases.LoginTest -->
